<?xml version="1.0" encoding="UTF-8"?>
<testsuite xmlns:xsi="http://www.w3.org/2001/XMLSchema-instance" xsi:noNamespaceSchemaLocation="https://maven.apache.org/surefire/maven-surefire-plugin/xsd/surefire-test-report.xsd" name="TestSuite" time="40.558" tests="44" errors="0" skipped="40" failures="2">
  <properties>
    <property name="gopherProxySet" value="false"/>
    <property name="awt.toolkit" value="sun.lwawt.macosx.LWCToolkit"/>
    <property name="file.encoding.pkg" value="sun.io"/>
    <property name="java.specification.version" value="1.8"/>
    <property name="sun.cpu.isalist" value=""/>
    <property name="sun.jnu.encoding" value="UTF-8"/>
    <property name="java.class.path" value="/Users/abhi28577/eclipse-workspace/EbayAutomation/target/test-classes:/Users/abhi28577/eclipse-workspace/EbayAutomation/target/classes:/Users/abhi28577/.m2/repository/junit/junit/3.8.1/junit-3.8.1.jar:/Users/abhi28577/.m2/repository/org/seleniumhq/selenium/selenium-java/3.13.0/selenium-java-3.13.0.jar:/Users/abhi28577/.m2/repository/org/seleniumhq/selenium/selenium-api/3.13.0/selenium-api-3.13.0.jar:/Users/abhi28577/.m2/repository/org/seleniumhq/selenium/selenium-chrome-driver/3.13.0/selenium-chrome-driver-3.13.0.jar:/Users/abhi28577/.m2/repository/org/seleniumhq/selenium/selenium-edge-driver/3.13.0/selenium-edge-driver-3.13.0.jar:/Users/abhi28577/.m2/repository/org/seleniumhq/selenium/selenium-firefox-driver/3.13.0/selenium-firefox-driver-3.13.0.jar:/Users/abhi28577/.m2/repository/org/seleniumhq/selenium/selenium-ie-driver/3.13.0/selenium-ie-driver-3.13.0.jar:/Users/abhi28577/.m2/repository/org/seleniumhq/selenium/selenium-opera-driver/3.13.0/selenium-opera-driver-3.13.0.jar:/Users/abhi28577/.m2/repository/org/seleniumhq/selenium/selenium-remote-driver/3.13.0/selenium-remote-driver-3.13.0.jar:/Users/abhi28577/.m2/repository/org/seleniumhq/selenium/selenium-safari-driver/3.13.0/selenium-safari-driver-3.13.0.jar:/Users/abhi28577/.m2/repository/org/seleniumhq/selenium/selenium-support/3.13.0/selenium-support-3.13.0.jar:/Users/abhi28577/.m2/repository/net/bytebuddy/byte-buddy/1.8.3/byte-buddy-1.8.3.jar:/Users/abhi28577/.m2/repository/org/apache/commons/commons-exec/1.3/commons-exec-1.3.jar:/Users/abhi28577/.m2/repository/commons-codec/commons-codec/1.10/commons-codec-1.10.jar:/Users/abhi28577/.m2/repository/commons-logging/commons-logging/1.2/commons-logging-1.2.jar:/Users/abhi28577/.m2/repository/com/google/code/gson/gson/2.8.4/gson-2.8.4.jar:/Users/abhi28577/.m2/repository/org/apache/httpcomponents/httpclient/4.5.5/httpclient-4.5.5.jar:/Users/abhi28577/.m2/repository/org/apache/httpcomponents/httpcore/4.4.9/httpcore-4.4.9.jar:/Users/abhi28577/.m2/repository/com/squareup/okhttp3/okhttp/3.10.0/okhttp-3.10.0.jar:/Users/abhi28577/.m2/repository/com/squareup/okio/okio/1.14.1/okio-1.14.1.jar:/Users/abhi28577/.m2/repository/com/google/guava/guava/25.1-jre/guava-25.1-jre.jar:/Users/abhi28577/.m2/repository/com/google/code/findbugs/jsr305/3.0.2/jsr305-3.0.2.jar:/Users/abhi28577/.m2/repository/org/checkerframework/checker-qual/2.0.0/checker-qual-2.0.0.jar:/Users/abhi28577/.m2/repository/com/google/errorprone/error_prone_annotations/2.1.3/error_prone_annotations-2.1.3.jar:/Users/abhi28577/.m2/repository/com/google/j2objc/j2objc-annotations/1.1/j2objc-annotations-1.1.jar:/Users/abhi28577/.m2/repository/org/codehaus/mojo/animal-sniffer-annotations/1.14/animal-sniffer-annotations-1.14.jar:/Users/abhi28577/.m2/repository/org/testng/testng/6.14.3/testng-6.14.3.jar:/Users/abhi28577/.m2/repository/com/beust/jcommander/1.72/jcommander-1.72.jar:/Users/abhi28577/.m2/repository/org/apache-extras/beanshell/bsh/2.0b6/bsh-2.0b6.jar:/Users/abhi28577/.m2/repository/org/apache/poi/poi/3.17/poi-3.17.jar:/Users/abhi28577/.m2/repository/org/apache/commons/commons-collections4/4.1/commons-collections4-4.1.jar:/Users/abhi28577/.m2/repository/org/apache/poi/poi-ooxml/3.17/poi-ooxml-3.17.jar:/Users/abhi28577/.m2/repository/com/github/virtuald/curvesapi/1.04/curvesapi-1.04.jar:/Users/abhi28577/.m2/repository/org/apache/poi/poi-scratchpad/3.17/poi-scratchpad-3.17.jar:/Users/abhi28577/.m2/repository/org/apache/poi/poi-ooxml-schemas/3.17/poi-ooxml-schemas-3.17.jar:/Users/abhi28577/.m2/repository/org/apache/xmlbeans/xmlbeans/2.6.0/xmlbeans-2.6.0.jar:/Users/abhi28577/.m2/repository/stax/stax-api/1.0.1/stax-api-1.0.1.jar:/Users/abhi28577/.m2/repository/org/apache/poi/poi-excelant/3.17/poi-excelant-3.17.jar:/Users/abhi28577/.m2/repository/org/apache/ant/ant/1.8.2/ant-1.8.2.jar:/Users/abhi28577/.m2/repository/org/apache/ant/ant-launcher/1.8.2/ant-launcher-1.8.2.jar:/Users/abhi28577/.m2/repository/org/apache/maven/surefire/surefire-testng-utils/2.22.0/surefire-testng-utils-2.22.0.jar:/Users/abhi28577/.m2/repository/org/apache/maven/surefire/surefire-grouper/2.22.0/surefire-grouper-2.22.0.jar:"/>
    <property name="java.vm.vendor" value="Oracle Corporation"/>
    <property name="sun.arch.data.model" value="64"/>
    <property name="java.vendor.url" value="http://java.oracle.com/"/>
    <property name="user.timezone" value=""/>
    <property name="java.vm.specification.version" value="1.8"/>
    <property name="os.name" value="Mac OS X"/>
    <property name="user.country" value="US"/>
    <property name="sun.java.launcher" value="SUN_STANDARD"/>
    <property name="sun.boot.library.path" value="/Library/Java/JavaVirtualMachines/jdk1.8.0_121.jdk/Contents/Home/jre/lib"/>
    <property name="sun.java.command" value="/Users/abhi28577/eclipse-workspace/EbayAutomation/target/surefire/surefirebooter8606215410147574956.jar /Users/abhi28577/eclipse-workspace/EbayAutomation/target/surefire 2018-07-31T19-32-27_048-jvmRun1 surefire5757623072079182677tmp surefire_07050467407925092607tmp"/>
    <property name="http.nonProxyHosts" value="local|*.local|169.254/16|*.169.254/16"/>
    <property name="surefire.test.class.path" value="/Users/abhi28577/eclipse-workspace/EbayAutomation/target/test-classes:/Users/abhi28577/eclipse-workspace/EbayAutomation/target/classes:/Users/abhi28577/.m2/repository/junit/junit/3.8.1/junit-3.8.1.jar:/Users/abhi28577/.m2/repository/org/seleniumhq/selenium/selenium-java/3.13.0/selenium-java-3.13.0.jar:/Users/abhi28577/.m2/repository/org/seleniumhq/selenium/selenium-api/3.13.0/selenium-api-3.13.0.jar:/Users/abhi28577/.m2/repository/org/seleniumhq/selenium/selenium-chrome-driver/3.13.0/selenium-chrome-driver-3.13.0.jar:/Users/abhi28577/.m2/repository/org/seleniumhq/selenium/selenium-edge-driver/3.13.0/selenium-edge-driver-3.13.0.jar:/Users/abhi28577/.m2/repository/org/seleniumhq/selenium/selenium-firefox-driver/3.13.0/selenium-firefox-driver-3.13.0.jar:/Users/abhi28577/.m2/repository/org/seleniumhq/selenium/selenium-ie-driver/3.13.0/selenium-ie-driver-3.13.0.jar:/Users/abhi28577/.m2/repository/org/seleniumhq/selenium/selenium-opera-driver/3.13.0/selenium-opera-driver-3.13.0.jar:/Users/abhi28577/.m2/repository/org/seleniumhq/selenium/selenium-remote-driver/3.13.0/selenium-remote-driver-3.13.0.jar:/Users/abhi28577/.m2/repository/org/seleniumhq/selenium/selenium-safari-driver/3.13.0/selenium-safari-driver-3.13.0.jar:/Users/abhi28577/.m2/repository/org/seleniumhq/selenium/selenium-support/3.13.0/selenium-support-3.13.0.jar:/Users/abhi28577/.m2/repository/net/bytebuddy/byte-buddy/1.8.3/byte-buddy-1.8.3.jar:/Users/abhi28577/.m2/repository/org/apache/commons/commons-exec/1.3/commons-exec-1.3.jar:/Users/abhi28577/.m2/repository/commons-codec/commons-codec/1.10/commons-codec-1.10.jar:/Users/abhi28577/.m2/repository/commons-logging/commons-logging/1.2/commons-logging-1.2.jar:/Users/abhi28577/.m2/repository/com/google/code/gson/gson/2.8.4/gson-2.8.4.jar:/Users/abhi28577/.m2/repository/org/apache/httpcomponents/httpclient/4.5.5/httpclient-4.5.5.jar:/Users/abhi28577/.m2/repository/org/apache/httpcomponents/httpcore/4.4.9/httpcore-4.4.9.jar:/Users/abhi28577/.m2/repository/com/squareup/okhttp3/okhttp/3.10.0/okhttp-3.10.0.jar:/Users/abhi28577/.m2/repository/com/squareup/okio/okio/1.14.1/okio-1.14.1.jar:/Users/abhi28577/.m2/repository/com/google/guava/guava/25.1-jre/guava-25.1-jre.jar:/Users/abhi28577/.m2/repository/com/google/code/findbugs/jsr305/3.0.2/jsr305-3.0.2.jar:/Users/abhi28577/.m2/repository/org/checkerframework/checker-qual/2.0.0/checker-qual-2.0.0.jar:/Users/abhi28577/.m2/repository/com/google/errorprone/error_prone_annotations/2.1.3/error_prone_annotations-2.1.3.jar:/Users/abhi28577/.m2/repository/com/google/j2objc/j2objc-annotations/1.1/j2objc-annotations-1.1.jar:/Users/abhi28577/.m2/repository/org/codehaus/mojo/animal-sniffer-annotations/1.14/animal-sniffer-annotations-1.14.jar:/Users/abhi28577/.m2/repository/org/testng/testng/6.14.3/testng-6.14.3.jar:/Users/abhi28577/.m2/repository/com/beust/jcommander/1.72/jcommander-1.72.jar:/Users/abhi28577/.m2/repository/org/apache-extras/beanshell/bsh/2.0b6/bsh-2.0b6.jar:/Users/abhi28577/.m2/repository/org/apache/poi/poi/3.17/poi-3.17.jar:/Users/abhi28577/.m2/repository/org/apache/commons/commons-collections4/4.1/commons-collections4-4.1.jar:/Users/abhi28577/.m2/repository/org/apache/poi/poi-ooxml/3.17/poi-ooxml-3.17.jar:/Users/abhi28577/.m2/repository/com/github/virtuald/curvesapi/1.04/curvesapi-1.04.jar:/Users/abhi28577/.m2/repository/org/apache/poi/poi-scratchpad/3.17/poi-scratchpad-3.17.jar:/Users/abhi28577/.m2/repository/org/apache/poi/poi-ooxml-schemas/3.17/poi-ooxml-schemas-3.17.jar:/Users/abhi28577/.m2/repository/org/apache/xmlbeans/xmlbeans/2.6.0/xmlbeans-2.6.0.jar:/Users/abhi28577/.m2/repository/stax/stax-api/1.0.1/stax-api-1.0.1.jar:/Users/abhi28577/.m2/repository/org/apache/poi/poi-excelant/3.17/poi-excelant-3.17.jar:/Users/abhi28577/.m2/repository/org/apache/ant/ant/1.8.2/ant-1.8.2.jar:/Users/abhi28577/.m2/repository/org/apache/ant/ant-launcher/1.8.2/ant-launcher-1.8.2.jar:/Users/abhi28577/.m2/repository/org/apache/maven/surefire/surefire-testng-utils/2.22.0/surefire-testng-utils-2.22.0.jar:/Users/abhi28577/.m2/repository/org/apache/maven/surefire/surefire-grouper/2.22.0/surefire-grouper-2.22.0.jar:"/>
    <property name="sun.cpu.endian" value="little"/>
    <property name="user.home" value="/Users/abhi28577"/>
    <property name="user.language" value="en"/>
    <property name="java.specification.vendor" value="Oracle Corporation"/>
    <property name="java.home" value="/Library/Java/JavaVirtualMachines/jdk1.8.0_121.jdk/Contents/Home/jre"/>
    <property name="basedir" value="/Users/abhi28577/eclipse-workspace/EbayAutomation"/>
    <property name="file.separator" value="/"/>
    <property name="line.separator" value="&#10;"/>
    <property name="java.vm.specification.vendor" value="Oracle Corporation"/>
    <property name="java.specification.name" value="Java Platform API Specification"/>
    <property name="java.awt.graphicsenv" value="sun.awt.CGraphicsEnvironment"/>
    <property name="surefire.real.class.path" value="/Users/abhi28577/eclipse-workspace/EbayAutomation/target/surefire/surefirebooter8606215410147574956.jar"/>
    <property name="sun.boot.class.path" value="/Library/Java/JavaVirtualMachines/jdk1.8.0_121.jdk/Contents/Home/jre/lib/resources.jar:/Library/Java/JavaVirtualMachines/jdk1.8.0_121.jdk/Contents/Home/jre/lib/rt.jar:/Library/Java/JavaVirtualMachines/jdk1.8.0_121.jdk/Contents/Home/jre/lib/sunrsasign.jar:/Library/Java/JavaVirtualMachines/jdk1.8.0_121.jdk/Contents/Home/jre/lib/jsse.jar:/Library/Java/JavaVirtualMachines/jdk1.8.0_121.jdk/Contents/Home/jre/lib/jce.jar:/Library/Java/JavaVirtualMachines/jdk1.8.0_121.jdk/Contents/Home/jre/lib/charsets.jar:/Library/Java/JavaVirtualMachines/jdk1.8.0_121.jdk/Contents/Home/jre/lib/jfr.jar:/Library/Java/JavaVirtualMachines/jdk1.8.0_121.jdk/Contents/Home/jre/classes"/>
    <property name="sun.management.compiler" value="HotSpot 64-Bit Tiered Compilers"/>
    <property name="ftp.nonProxyHosts" value="local|*.local|169.254/16|*.169.254/16"/>
    <property name="java.runtime.version" value="1.8.0_121-b13"/>
    <property name="user.name" value="abhi28577"/>
    <property name="path.separator" value=":"/>
    <property name="os.version" value="10.13.5"/>
    <property name="java.endorsed.dirs" value="/Library/Java/JavaVirtualMachines/jdk1.8.0_121.jdk/Contents/Home/jre/lib/endorsed"/>
    <property name="java.runtime.name" value="Java(TM) SE Runtime Environment"/>
    <property name="file.encoding" value="UTF-8"/>
    <property name="java.vm.name" value="Java HotSpot(TM) 64-Bit Server VM"/>
    <property name="localRepository" value="/Users/abhi28577/.m2/repository"/>
    <property name="java.vendor.url.bug" value="http://bugreport.sun.com/bugreport/"/>
    <property name="java.io.tmpdir" value="/var/folders/mw/x9rrqd4914q1m5g7wtx73fsm0000gn/T/"/>
    <property name="java.version" value="1.8.0_121"/>
    <property name="user.dir" value="/Users/abhi28577/eclipse-workspace/EbayAutomation"/>
    <property name="os.arch" value="x86_64"/>
    <property name="java.vm.specification.name" value="Java Virtual Machine Specification"/>
    <property name="java.awt.printerjob" value="sun.lwawt.macosx.CPrinterJob"/>
    <property name="sun.os.patch.level" value="unknown"/>
    <property name="java.library.path" value="/Users/abhi28577/Library/Java/Extensions:/Library/Java/Extensions:/Network/Library/Java/Extensions:/System/Library/Java/Extensions:/usr/lib/java:."/>
    <property name="java.vm.info" value="mixed mode"/>
    <property name="java.vendor" value="Oracle Corporation"/>
    <property name="java.vm.version" value="25.121-b13"/>
    <property name="java.ext.dirs" value="/Users/abhi28577/Library/Java/Extensions:/Library/Java/JavaVirtualMachines/jdk1.8.0_121.jdk/Contents/Home/jre/lib/ext:/Library/Java/Extensions:/Network/Library/Java/Extensions:/System/Library/Java/Extensions:/usr/lib/java"/>
    <property name="sun.io.unicode.encoding" value="UnicodeBig"/>
    <property name="java.class.version" value="52.0"/>
    <property name="socksNonProxyHosts" value="local|*.local|169.254/16|*.169.254/16"/>
  </properties>
  <testcase name="LoginPageTitleTest" classname="com.ebay.qa.testset.LoginPageTest" time="1.163"/>
  <testcase name="setUp" classname="com.ebay.qa.testset.HomePageTest" time="3.698">
    <failure message="Tried to run command without establishing a connection&#10;Build info: version: &apos;3.13.0&apos;, revision: &apos;2f0d292&apos;, time: &apos;2018-06-25T15:24:21.231Z&apos;&#10;System info: host: &apos;Abhisheks-MacBook-Pro.local&apos;, ip: &apos;192.168.2.1&apos;, os.name: &apos;Mac OS X&apos;, os.arch: &apos;x86_64&apos;, os.version: &apos;10.13.5&apos;, java.version: &apos;1.8.0_121&apos;&#10;Driver info: org.openqa.selenium.firefox.FirefoxDriver&#10;Capabilities {acceptInsecureCerts: true, browserName: firefox, browserVersion: 61.0.1, javascriptEnabled: true, moz:accessibilityChecks: false, moz:headless: false, moz:processID: 715, moz:profile: /var/folders/mw/x9rrqd4914q..., moz:useNonSpecCompliantPointerOrigin: false, moz:webdriverClick: true, pageLoadStrategy: normal, platform: MAC, platformName: MAC, platformVersion: 17.6.0, rotatable: false, timeouts: {implicit: 0, pageLoad: 300000, script: 30000}}" type="org.openqa.selenium.SessionNotCreatedException">org.openqa.selenium.SessionNotCreatedException: 
Tried to run command without establishing a connection
Build info: version: '3.13.0', revision: '2f0d292', time: '2018-06-25T15:24:21.231Z'
System info: host: 'Abhisheks-MacBook-Pro.local', ip: '192.168.2.1', os.name: 'Mac OS X', os.arch: 'x86_64', os.version: '10.13.5', java.version: '1.8.0_121'
Driver info: org.openqa.selenium.firefox.FirefoxDriver
Capabilities {acceptInsecureCerts: true, browserName: firefox, browserVersion: 61.0.1, javascriptEnabled: true, moz:accessibilityChecks: false, moz:headless: false, moz:processID: 715, moz:profile: /var/folders/mw/x9rrqd4914q..., moz:useNonSpecCompliantPointerOrigin: false, moz:webdriverClick: true, pageLoadStrategy: normal, platform: MAC, platformName: MAC, platformVersion: 17.6.0, rotatable: false, timeouts: {implicit: 0, pageLoad: 300000, script: 30000}}
	at com.ebay.qa.testset.HomePageTest.setUp(HomePageTest.java:29)
</failure>
    <system-err><![CDATA[JavaScript error: https://signin.ebay.com.au/ws/eBayISAPI.dll?SignIn&ru=https%3A%2F%2Fwww.ebay.com.au%2F, line 63: NS_ERROR_DOM_BAD_DOCUMENT_DOMAIN: Illegal document.domain value
*** UTM:SVC TimerManager:registerTimer called after profile-before-change notification. Ignoring timer registration for id: telemetry_modules_ping
]]></system-err>
  </testcase>
  <testcase name="setUp" classname="com.ebay.qa.testset.HomePageTest" time="0">
    <skipped/>
  </testcase>
  <testcase name="setUp" classname="com.ebay.qa.testset.HomePageTest" time="0">
    <skipped/>
    <system-err><![CDATA[IPDL protocol error: Handler returned error code!

###!!! [Parent][DispatchAsyncMessage] Error: PLayerTransaction::Msg_ReleaseLayer Processing error: message was deserialized, but the handler returned false (indicating failure)

IPDL protocol error: Handler returned error code!

###!!! [Parent][DispatchAsyncMessage] Error: PLayerTransaction::Msg_ReleaseLayer Processing error: message was deserialized, but the handler returned false (indicating failure)

IPDL protocol error: Handler returned error code!

###!!! [Parent][DispatchAsyncMessage] Error: PLayerTransaction::Msg_ReleaseLayer Processing error: message was deserialized, but the handler returned false (indicating failure)

IPDL protocol error: Handler returned error code!

###!!! [Parent][DispatchAsyncMessage] Error: PLayerTransaction::Msg_ReleaseLayer Processing error: message was deserialized, but the handler returned false (indicating failure)

IPDL protocol error: Handler returned error code!

###!!! [Parent][DispatchAsyncMessage] Error: PLayerTransaction::Msg_ReleaseLayer Processing error: message was deserialized, but the handler returned false (indicating failure)

IPDL protocol error: Handler returned error code!

###!!! [Parent][DispatchAsyncMessage] Error: PLayerTransaction::Msg_ReleaseLayer Processing error: message was deserialized, but the handler returned false (indicating failure)

*** UTM:SVC TimerManager:registerTimer called after profile-before-change notification. Ignoring timer registration for id: telemetry_modules_ping
]]></system-err>
  </testcase>
  <testcase name="setUp" classname="com.ebay.qa.testset.HomePageTest" time="0">
    <skipped/>
  </testcase>
  <testcase name="setUp" classname="com.ebay.qa.testset.HomePageTest" time="0">
    <skipped/>
  </testcase>
  <testcase name="setUp" classname="com.ebay.qa.testset.HomePageTest" time="0">
    <skipped/>
  </testcase>
  <testcase name="setUp" classname="com.ebay.qa.testset.HomePageTest" time="0">
    <skipped/>
  </testcase>
  <testcase name="setUp" classname="com.ebay.qa.testset.HomePageTest" time="0">
    <skipped/>
  </testcase>
  <testcase name="setUp" classname="com.ebay.qa.testset.HomePageTest" time="0">
    <skipped/>
  </testcase>
  <testcase name="setUp" classname="com.ebay.qa.testset.HomePageTest" time="0">
    <skipped/>
  </testcase>
  <testcase name="setUp" classname="com.ebay.qa.testset.HomePageTest" time="0">
    <skipped/>
  </testcase>
  <testcase name="setUp" classname="com.ebay.qa.testset.HomePageTest" time="0">
    <skipped/>
  </testcase>
  <testcase name="setUp" classname="com.ebay.qa.testset.ProductPageTest" time="3.698">
    <failure message="Tried to run command without establishing a connection&#10;Build info: version: &apos;3.13.0&apos;, revision: &apos;2f0d292&apos;, time: &apos;2018-06-25T15:24:21.231Z&apos;&#10;System info: host: &apos;Abhisheks-MacBook-Pro.local&apos;, ip: &apos;192.168.2.1&apos;, os.name: &apos;Mac OS X&apos;, os.arch: &apos;x86_64&apos;, os.version: &apos;10.13.5&apos;, java.version: &apos;1.8.0_121&apos;&#10;Driver info: org.openqa.selenium.firefox.FirefoxDriver&#10;Capabilities {acceptInsecureCerts: true, browserName: firefox, browserVersion: 61.0.1, javascriptEnabled: true, moz:accessibilityChecks: false, moz:headless: false, moz:processID: 715, moz:profile: /var/folders/mw/x9rrqd4914q..., moz:useNonSpecCompliantPointerOrigin: false, moz:webdriverClick: true, pageLoadStrategy: normal, platform: MAC, platformName: MAC, platformVersion: 17.6.0, rotatable: false, timeouts: {implicit: 0, pageLoad: 300000, script: 30000}}&#10;*** Element info: {Using=xpath, value=//input[@name=&apos;userid&apos;]}" type="org.openqa.selenium.SessionNotCreatedException">org.openqa.selenium.SessionNotCreatedException: 
Tried to run command without establishing a connection
Build info: version: '3.13.0', revision: '2f0d292', time: '2018-06-25T15:24:21.231Z'
System info: host: 'Abhisheks-MacBook-Pro.local', ip: '192.168.2.1', os.name: 'Mac OS X', os.arch: 'x86_64', os.version: '10.13.5', java.version: '1.8.0_121'
Driver info: org.openqa.selenium.firefox.FirefoxDriver
Capabilities {acceptInsecureCerts: true, browserName: firefox, browserVersion: 61.0.1, javascriptEnabled: true, moz:accessibilityChecks: false, moz:headless: false, moz:processID: 715, moz:profile: /var/folders/mw/x9rrqd4914q..., moz:useNonSpecCompliantPointerOrigin: false, moz:webdriverClick: true, pageLoadStrategy: normal, platform: MAC, platformName: MAC, platformVersion: 17.6.0, rotatable: false, timeouts: {implicit: 0, pageLoad: 300000, script: 30000}}
*** Element info: {Using=xpath, value=//input[@name='userid']}
	at com.ebay.qa.testset.ProductPageTest.setUp(ProductPageTest.java:31)
</failure>
  </testcase>
  <testcase name="setUp" classname="com.ebay.qa.testset.ProductPageTest" time="0">
    <skipped/>
  </testcase>
  <testcase name="DisplayProduct1" classname="com.ebay.qa.testset.ProductPageTest" time="0">
    <skipped message="Tried to run command without establishing a connection&#10;Build info: version: &apos;3.13.0&apos;, revision: &apos;2f0d292&apos;, time: &apos;2018-06-25T15:24:21.231Z&apos;&#10;System info: host: &apos;Abhisheks-MacBook-Pro.local&apos;, ip: &apos;192.168.2.1&apos;, os.name: &apos;Mac OS X&apos;, os.arch: &apos;x86_64&apos;, os.version: &apos;10.13.5&apos;, java.version: &apos;1.8.0_121&apos;&#10;Driver info: org.openqa.selenium.firefox.FirefoxDriver&#10;Capabilities {acceptInsecureCerts: true, browserName: firefox, browserVersion: 61.0.1, javascriptEnabled: true, moz:accessibilityChecks: false, moz:headless: false, moz:processID: 715, moz:profile: /var/folders/mw/x9rrqd4914q..., moz:useNonSpecCompliantPointerOrigin: false, moz:webdriverClick: true, pageLoadStrategy: normal, platform: MAC, platformName: MAC, platformVersion: 17.6.0, rotatable: false, timeouts: {implicit: 0, pageLoad: 300000, script: 30000}}&#10;*** Element info: {Using=xpath, value=//input[@name=&apos;userid&apos;]}"/>
  </testcase>
  <testcase name="ValidateUsernameDisplayTest" classname="com.ebay.qa.testset.HomePageTest" time="0">
    <skipped message="Tried to run command without establishing a connection&#10;Build info: version: &apos;3.13.0&apos;, revision: &apos;2f0d292&apos;, time: &apos;2018-06-25T15:24:21.231Z&apos;&#10;System info: host: &apos;Abhisheks-MacBook-Pro.local&apos;, ip: &apos;192.168.2.1&apos;, os.name: &apos;Mac OS X&apos;, os.arch: &apos;x86_64&apos;, os.version: &apos;10.13.5&apos;, java.version: &apos;1.8.0_121&apos;&#10;Driver info: org.openqa.selenium.firefox.FirefoxDriver&#10;Capabilities {acceptInsecureCerts: true, browserName: firefox, browserVersion: 61.0.1, javascriptEnabled: true, moz:accessibilityChecks: false, moz:headless: false, moz:processID: 715, moz:profile: /var/folders/mw/x9rrqd4914q..., moz:useNonSpecCompliantPointerOrigin: false, moz:webdriverClick: true, pageLoadStrategy: normal, platform: MAC, platformName: MAC, platformVersion: 17.6.0, rotatable: false, timeouts: {implicit: 0, pageLoad: 300000, script: 30000}}"/>
  </testcase>
  <testcase name="teardown" classname="com.ebay.qa.testset.HomePageTest" time="0">
    <skipped/>
  </testcase>
  <testcase name="teardown" classname="com.ebay.qa.testset.HomePageTest" time="0">
    <skipped/>
  </testcase>
  <testcase name="teardown" classname="com.ebay.qa.testset.HomePageTest" time="0">
    <skipped/>
  </testcase>
  <testcase name="teardown" classname="com.ebay.qa.testset.HomePageTest" time="0">
    <skipped/>
  </testcase>
  <testcase name="teardown" classname="com.ebay.qa.testset.HomePageTest" time="0">
    <skipped/>
  </testcase>
  <testcase name="teardown" classname="com.ebay.qa.testset.HomePageTest" time="0">
    <skipped/>
  </testcase>
  <testcase name="teardown" classname="com.ebay.qa.testset.HomePageTest" time="0">
    <skipped/>
  </testcase>
  <testcase name="teardown" classname="com.ebay.qa.testset.HomePageTest" time="0">
    <skipped/>
  </testcase>
  <testcase name="teardown" classname="com.ebay.qa.testset.HomePageTest" time="0">
    <skipped/>
  </testcase>
  <testcase name="teardown" classname="com.ebay.qa.testset.HomePageTest" time="0">
    <skipped/>
  </testcase>
  <testcase name="teardown" classname="com.ebay.qa.testset.HomePageTest" time="0">
    <skipped/>
  </testcase>
  <testcase name="teardown" classname="com.ebay.qa.testset.HomePageTest" time="0">
    <skipped/>
  </testcase>
  <testcase name="teardown" classname="com.ebay.qa.testset.ProductPageTest" time="0">
    <skipped/>
  </testcase>
  <testcase name="teardown" classname="com.ebay.qa.testset.ProductPageTest" time="0">
    <skipped/>
  </testcase>
  <testcase name="ValidateSavedLinkTextTest" classname="com.ebay.qa.testset.HomePageTest" time="0">
    <skipped message="Tried to run command without establishing a connection&#10;Build info: version: &apos;3.13.0&apos;, revision: &apos;2f0d292&apos;, time: &apos;2018-06-25T15:24:21.231Z&apos;&#10;System info: host: &apos;Abhisheks-MacBook-Pro.local&apos;, ip: &apos;192.168.2.1&apos;, os.name: &apos;Mac OS X&apos;, os.arch: &apos;x86_64&apos;, os.version: &apos;10.13.5&apos;, java.version: &apos;1.8.0_121&apos;&#10;Driver info: org.openqa.selenium.firefox.FirefoxDriver&#10;Capabilities {acceptInsecureCerts: true, browserName: firefox, browserVersion: 61.0.1, javascriptEnabled: true, moz:accessibilityChecks: false, moz:headless: false, moz:processID: 715, moz:profile: /var/folders/mw/x9rrqd4914q..., moz:useNonSpecCompliantPointerOrigin: false, moz:webdriverClick: true, pageLoadStrategy: normal, platform: MAC, platformName: MAC, platformVersion: 17.6.0, rotatable: false, timeouts: {implicit: 0, pageLoad: 300000, script: 30000}}"/>
  </testcase>
  <testcase name="DisplayProduct2" classname="com.ebay.qa.testset.ProductPageTest" time="0">
    <skipped message="Tried to run command without establishing a connection&#10;Build info: version: &apos;3.13.0&apos;, revision: &apos;2f0d292&apos;, time: &apos;2018-06-25T15:24:21.231Z&apos;&#10;System info: host: &apos;Abhisheks-MacBook-Pro.local&apos;, ip: &apos;192.168.2.1&apos;, os.name: &apos;Mac OS X&apos;, os.arch: &apos;x86_64&apos;, os.version: &apos;10.13.5&apos;, java.version: &apos;1.8.0_121&apos;&#10;Driver info: org.openqa.selenium.firefox.FirefoxDriver&#10;Capabilities {acceptInsecureCerts: true, browserName: firefox, browserVersion: 61.0.1, javascriptEnabled: true, moz:accessibilityChecks: false, moz:headless: false, moz:processID: 715, moz:profile: /var/folders/mw/x9rrqd4914q..., moz:useNonSpecCompliantPointerOrigin: false, moz:webdriverClick: true, pageLoadStrategy: normal, platform: MAC, platformName: MAC, platformVersion: 17.6.0, rotatable: false, timeouts: {implicit: 0, pageLoad: 300000, script: 30000}}&#10;*** Element info: {Using=xpath, value=//input[@name=&apos;userid&apos;]}"/>
  </testcase>
  <testcase name="HomePageDisplayTest" classname="com.ebay.qa.testset.LoginPageTest" time="6.851"/>
  <testcase name="ValidateFashionLinkTextTest" classname="com.ebay.qa.testset.HomePageTest" time="0">
    <skipped message="Tried to run command without establishing a connection&#10;Build info: version: &apos;3.13.0&apos;, revision: &apos;2f0d292&apos;, time: &apos;2018-06-25T15:24:21.231Z&apos;&#10;System info: host: &apos;Abhisheks-MacBook-Pro.local&apos;, ip: &apos;192.168.2.1&apos;, os.name: &apos;Mac OS X&apos;, os.arch: &apos;x86_64&apos;, os.version: &apos;10.13.5&apos;, java.version: &apos;1.8.0_121&apos;&#10;Driver info: org.openqa.selenium.firefox.FirefoxDriver&#10;Capabilities {acceptInsecureCerts: true, browserName: firefox, browserVersion: 61.0.1, javascriptEnabled: true, moz:accessibilityChecks: false, moz:headless: false, moz:processID: 715, moz:profile: /var/folders/mw/x9rrqd4914q..., moz:useNonSpecCompliantPointerOrigin: false, moz:webdriverClick: true, pageLoadStrategy: normal, platform: MAC, platformName: MAC, platformVersion: 17.6.0, rotatable: false, timeouts: {implicit: 0, pageLoad: 300000, script: 30000}}"/>
  </testcase>
  <testcase name="ValidateMotorsLinkTextTest" classname="com.ebay.qa.testset.HomePageTest" time="0">
    <skipped message="Tried to run command without establishing a connection&#10;Build info: version: &apos;3.13.0&apos;, revision: &apos;2f0d292&apos;, time: &apos;2018-06-25T15:24:21.231Z&apos;&#10;System info: host: &apos;Abhisheks-MacBook-Pro.local&apos;, ip: &apos;192.168.2.1&apos;, os.name: &apos;Mac OS X&apos;, os.arch: &apos;x86_64&apos;, os.version: &apos;10.13.5&apos;, java.version: &apos;1.8.0_121&apos;&#10;Driver info: org.openqa.selenium.firefox.FirefoxDriver&#10;Capabilities {acceptInsecureCerts: true, browserName: firefox, browserVersion: 61.0.1, javascriptEnabled: true, moz:accessibilityChecks: false, moz:headless: false, moz:processID: 715, moz:profile: /var/folders/mw/x9rrqd4914q..., moz:useNonSpecCompliantPointerOrigin: false, moz:webdriverClick: true, pageLoadStrategy: normal, platform: MAC, platformName: MAC, platformVersion: 17.6.0, rotatable: false, timeouts: {implicit: 0, pageLoad: 300000, script: 30000}}"/>
  </testcase>
  <testcase name="ValidateHomeGardenLinkTextTest" classname="com.ebay.qa.testset.HomePageTest" time="0">
    <skipped message="Tried to run command without establishing a connection&#10;Build info: version: &apos;3.13.0&apos;, revision: &apos;2f0d292&apos;, time: &apos;2018-06-25T15:24:21.231Z&apos;&#10;System info: host: &apos;Abhisheks-MacBook-Pro.local&apos;, ip: &apos;192.168.2.1&apos;, os.name: &apos;Mac OS X&apos;, os.arch: &apos;x86_64&apos;, os.version: &apos;10.13.5&apos;, java.version: &apos;1.8.0_121&apos;&#10;Driver info: org.openqa.selenium.firefox.FirefoxDriver&#10;Capabilities {acceptInsecureCerts: true, browserName: firefox, browserVersion: 61.0.1, javascriptEnabled: true, moz:accessibilityChecks: false, moz:headless: false, moz:processID: 715, moz:profile: /var/folders/mw/x9rrqd4914q..., moz:useNonSpecCompliantPointerOrigin: false, moz:webdriverClick: true, pageLoadStrategy: normal, platform: MAC, platformName: MAC, platformVersion: 17.6.0, rotatable: false, timeouts: {implicit: 0, pageLoad: 300000, script: 30000}}"/>
  </testcase>
  <testcase name="ValidateElectronicsLinkTextTest" classname="com.ebay.qa.testset.HomePageTest" time="0">
    <skipped message="Tried to run command without establishing a connection&#10;Build info: version: &apos;3.13.0&apos;, revision: &apos;2f0d292&apos;, time: &apos;2018-06-25T15:24:21.231Z&apos;&#10;System info: host: &apos;Abhisheks-MacBook-Pro.local&apos;, ip: &apos;192.168.2.1&apos;, os.name: &apos;Mac OS X&apos;, os.arch: &apos;x86_64&apos;, os.version: &apos;10.13.5&apos;, java.version: &apos;1.8.0_121&apos;&#10;Driver info: org.openqa.selenium.firefox.FirefoxDriver&#10;Capabilities {acceptInsecureCerts: true, browserName: firefox, browserVersion: 61.0.1, javascriptEnabled: true, moz:accessibilityChecks: false, moz:headless: false, moz:processID: 715, moz:profile: /var/folders/mw/x9rrqd4914q..., moz:useNonSpecCompliantPointerOrigin: false, moz:webdriverClick: true, pageLoadStrategy: normal, platform: MAC, platformName: MAC, platformVersion: 17.6.0, rotatable: false, timeouts: {implicit: 0, pageLoad: 300000, script: 30000}}"/>
  </testcase>
  <testcase name="ValidateSportsLinkTextTest" classname="com.ebay.qa.testset.HomePageTest" time="0">
    <skipped message="Tried to run command without establishing a connection&#10;Build info: version: &apos;3.13.0&apos;, revision: &apos;2f0d292&apos;, time: &apos;2018-06-25T15:24:21.231Z&apos;&#10;System info: host: &apos;Abhisheks-MacBook-Pro.local&apos;, ip: &apos;192.168.2.1&apos;, os.name: &apos;Mac OS X&apos;, os.arch: &apos;x86_64&apos;, os.version: &apos;10.13.5&apos;, java.version: &apos;1.8.0_121&apos;&#10;Driver info: org.openqa.selenium.firefox.FirefoxDriver&#10;Capabilities {acceptInsecureCerts: true, browserName: firefox, browserVersion: 61.0.1, javascriptEnabled: true, moz:accessibilityChecks: false, moz:headless: false, moz:processID: 715, moz:profile: /var/folders/mw/x9rrqd4914q..., moz:useNonSpecCompliantPointerOrigin: false, moz:webdriverClick: true, pageLoadStrategy: normal, platform: MAC, platformName: MAC, platformVersion: 17.6.0, rotatable: false, timeouts: {implicit: 0, pageLoad: 300000, script: 30000}}"/>
  </testcase>
  <testcase name="ValidateLiquorGroceryLinkTextTest" classname="com.ebay.qa.testset.HomePageTest" time="0">
    <skipped message="Tried to run command without establishing a connection&#10;Build info: version: &apos;3.13.0&apos;, revision: &apos;2f0d292&apos;, time: &apos;2018-06-25T15:24:21.231Z&apos;&#10;System info: host: &apos;Abhisheks-MacBook-Pro.local&apos;, ip: &apos;192.168.2.1&apos;, os.name: &apos;Mac OS X&apos;, os.arch: &apos;x86_64&apos;, os.version: &apos;10.13.5&apos;, java.version: &apos;1.8.0_121&apos;&#10;Driver info: org.openqa.selenium.firefox.FirefoxDriver&#10;Capabilities {acceptInsecureCerts: true, browserName: firefox, browserVersion: 61.0.1, javascriptEnabled: true, moz:accessibilityChecks: false, moz:headless: false, moz:processID: 715, moz:profile: /var/folders/mw/x9rrqd4914q..., moz:useNonSpecCompliantPointerOrigin: false, moz:webdriverClick: true, pageLoadStrategy: normal, platform: MAC, platformName: MAC, platformVersion: 17.6.0, rotatable: false, timeouts: {implicit: 0, pageLoad: 300000, script: 30000}}"/>
  </testcase>
  <testcase name="ValidateHealthBeautyLinkTextTest" classname="com.ebay.qa.testset.HomePageTest" time="0">
    <skipped message="Tried to run command without establishing a connection&#10;Build info: version: &apos;3.13.0&apos;, revision: &apos;2f0d292&apos;, time: &apos;2018-06-25T15:24:21.231Z&apos;&#10;System info: host: &apos;Abhisheks-MacBook-Pro.local&apos;, ip: &apos;192.168.2.1&apos;, os.name: &apos;Mac OS X&apos;, os.arch: &apos;x86_64&apos;, os.version: &apos;10.13.5&apos;, java.version: &apos;1.8.0_121&apos;&#10;Driver info: org.openqa.selenium.firefox.FirefoxDriver&#10;Capabilities {acceptInsecureCerts: true, browserName: firefox, browserVersion: 61.0.1, javascriptEnabled: true, moz:accessibilityChecks: false, moz:headless: false, moz:processID: 715, moz:profile: /var/folders/mw/x9rrqd4914q..., moz:useNonSpecCompliantPointerOrigin: false, moz:webdriverClick: true, pageLoadStrategy: normal, platform: MAC, platformName: MAC, platformVersion: 17.6.0, rotatable: false, timeouts: {implicit: 0, pageLoad: 300000, script: 30000}}"/>
  </testcase>
  <testcase name="ValidateToysMediaLinkTextTest" classname="com.ebay.qa.testset.HomePageTest" time="0">
    <skipped message="Tried to run command without establishing a connection&#10;Build info: version: &apos;3.13.0&apos;, revision: &apos;2f0d292&apos;, time: &apos;2018-06-25T15:24:21.231Z&apos;&#10;System info: host: &apos;Abhisheks-MacBook-Pro.local&apos;, ip: &apos;192.168.2.1&apos;, os.name: &apos;Mac OS X&apos;, os.arch: &apos;x86_64&apos;, os.version: &apos;10.13.5&apos;, java.version: &apos;1.8.0_121&apos;&#10;Driver info: org.openqa.selenium.firefox.FirefoxDriver&#10;Capabilities {acceptInsecureCerts: true, browserName: firefox, browserVersion: 61.0.1, javascriptEnabled: true, moz:accessibilityChecks: false, moz:headless: false, moz:processID: 715, moz:profile: /var/folders/mw/x9rrqd4914q..., moz:useNonSpecCompliantPointerOrigin: false, moz:webdriverClick: true, pageLoadStrategy: normal, platform: MAC, platformName: MAC, platformVersion: 17.6.0, rotatable: false, timeouts: {implicit: 0, pageLoad: 300000, script: 30000}}"/>
  </testcase>
  <testcase name="ValidateCollectablesLinkTextTest" classname="com.ebay.qa.testset.HomePageTest" time="0">
    <skipped message="Tried to run command without establishing a connection&#10;Build info: version: &apos;3.13.0&apos;, revision: &apos;2f0d292&apos;, time: &apos;2018-06-25T15:24:21.231Z&apos;&#10;System info: host: &apos;Abhisheks-MacBook-Pro.local&apos;, ip: &apos;192.168.2.1&apos;, os.name: &apos;Mac OS X&apos;, os.arch: &apos;x86_64&apos;, os.version: &apos;10.13.5&apos;, java.version: &apos;1.8.0_121&apos;&#10;Driver info: org.openqa.selenium.firefox.FirefoxDriver&#10;Capabilities {acceptInsecureCerts: true, browserName: firefox, browserVersion: 61.0.1, javascriptEnabled: true, moz:accessibilityChecks: false, moz:headless: false, moz:processID: 715, moz:profile: /var/folders/mw/x9rrqd4914q..., moz:useNonSpecCompliantPointerOrigin: false, moz:webdriverClick: true, pageLoadStrategy: normal, platform: MAC, platformName: MAC, platformVersion: 17.6.0, rotatable: false, timeouts: {implicit: 0, pageLoad: 300000, script: 30000}}"/>
  </testcase>
  <testcase name="ValidateDealsLinkTextTest" classname="com.ebay.qa.testset.HomePageTest" time="0">
    <skipped message="Tried to run command without establishing a connection&#10;Build info: version: &apos;3.13.0&apos;, revision: &apos;2f0d292&apos;, time: &apos;2018-06-25T15:24:21.231Z&apos;&#10;System info: host: &apos;Abhisheks-MacBook-Pro.local&apos;, ip: &apos;192.168.2.1&apos;, os.name: &apos;Mac OS X&apos;, os.arch: &apos;x86_64&apos;, os.version: &apos;10.13.5&apos;, java.version: &apos;1.8.0_121&apos;&#10;Driver info: org.openqa.selenium.firefox.FirefoxDriver&#10;Capabilities {acceptInsecureCerts: true, browserName: firefox, browserVersion: 61.0.1, javascriptEnabled: true, moz:accessibilityChecks: false, moz:headless: false, moz:processID: 715, moz:profile: /var/folders/mw/x9rrqd4914q..., moz:useNonSpecCompliantPointerOrigin: false, moz:webdriverClick: true, pageLoadStrategy: normal, platform: MAC, platformName: MAC, platformVersion: 17.6.0, rotatable: false, timeouts: {implicit: 0, pageLoad: 300000, script: 30000}}"/>
  </testcase>
</testsuite>